This file contains any messages produced by compilers while
running configure, to aid debugging if configure makes a mistake.

It was created by Expand configure 1.0.0, which was
generated by GNU Autoconf 2.69.  Invocation command line was

  $ ./configure --prefix=/opt/xpn --enable-nfs3 --enable-tcpserver --enable-mpiserver=/opt/software/install-mpich/bin

## --------- ##
## Platform. ##
## --------- ##

hostname = lab21-b06
uname -m = x86_64
uname -r = 5.4.0-109-generic
uname -s = Linux
uname -v = #123-Ubuntu SMP Fri Apr 8 09:10:54 UTC 2022

/usr/bin/uname -p = unknown
/bin/uname -X     = unknown

/bin/arch              = unknown
/usr/bin/arch -k       = unknown
/usr/convex/getsysinfo = unknown
/usr/bin/hostinfo      = unknown
/bin/machine           = unknown
/usr/bin/oslevel       = unknown
/bin/universe          = unknown

PATH: /usr/local/sbin
PATH: /usr/local/bin
PATH: /usr/sbin
PATH: /usr/bin
PATH: /sbin
PATH: /bin
PATH: /usr/games
PATH: /usr/local/games
PATH: /snap/bin
PATH: /home/dcamarma/Downloads/copyon/detector_copias/
PATH: .
PATH: /home/dcamarma/Downloads/copyon/detector_copias/
PATH: .
PATH: /home/dcamarma/Downloads/copyon/detector_copias/


## ----------- ##
## Core tests. ##
## ----------- ##

configure:2537: checking for a BSD-compatible install
configure:2605: result: /usr/bin/install -c
configure:2659: checking for ranlib
configure:2675: found /usr/bin/ranlib
configure:2686: result: ranlib
configure:2717: checking build system type
configure:2731: result: x86_64-pc-linux-gnu
configure:2751: checking host system type
configure:2764: result: x86_64-pc-linux-gnu
configure:2784: checking target system type
configure:2797: result: x86_64-pc-linux-gnu
configure:2826: checking whether build environment is sane
configure:2881: result: yes
configure:3030: checking for a thread-safe mkdir -p
configure:3069: result: /bin/mkdir -p
configure:3076: checking for gawk
configure:3106: result: no
configure:3076: checking for mawk
configure:3092: found /usr/bin/mawk
configure:3103: result: mawk
configure:3114: checking whether make sets $(MAKE)
configure:3136: result: yes
configure:3165: checking whether make supports nested variables
configure:3182: result: yes
configure:3328: checking whether make supports the include directive
configure:3343: make -f confmf.GNU && cat confinc.out
this is the am__doit target
configure:3346: $? = 0
configure:3365: result: yes (GNU style)
configure:3435: checking for gcc
configure:3451: found /usr/bin/gcc
configure:3462: result: gcc
configure:3691: checking for C compiler version
configure:3700: gcc --version >&5
gcc (Ubuntu 9.4.0-1ubuntu1~20.04.1) 9.4.0
Copyright (C) 2019 Free Software Foundation, Inc.
This is free software; see the source for copying conditions.  There is NO
warranty; not even for MERCHANTABILITY or FITNESS FOR A PARTICULAR PURPOSE.

configure:3711: $? = 0
configure:3700: gcc -v >&5
Using built-in specs.
COLLECT_GCC=gcc
COLLECT_LTO_WRAPPER=/usr/lib/gcc/x86_64-linux-gnu/9/lto-wrapper
OFFLOAD_TARGET_NAMES=nvptx-none:hsa
OFFLOAD_TARGET_DEFAULT=1
Target: x86_64-linux-gnu
Configured with: ../src/configure -v --with-pkgversion='Ubuntu 9.4.0-1ubuntu1~20.04.1' --with-bugurl=file:///usr/share/doc/gcc-9/README.Bugs --enable-languages=c,ada,c++,go,brig,d,fortran,objc,obj-c++,gm2 --prefix=/usr --with-gcc-major-version-only --program-suffix=-9 --program-prefix=x86_64-linux-gnu- --enable-shared --enable-linker-build-id --libexecdir=/usr/lib --without-included-gettext --enable-threads=posix --libdir=/usr/lib --enable-nls --enable-clocale=gnu --enable-libstdcxx-debug --enable-libstdcxx-time=yes --with-default-libstdcxx-abi=new --enable-gnu-unique-object --disable-vtable-verify --enable-plugin --enable-default-pie --with-system-zlib --with-target-system-zlib=auto --enable-objc-gc=auto --enable-multiarch --disable-werror --with-arch-32=i686 --with-abi=m64 --with-multilib-list=m32,m64,mx32 --enable-multilib --with-tune=generic --enable-offload-targets=nvptx-none=/build/gcc-9-Av3uEd/gcc-9-9.4.0/debian/tmp-nvptx/usr,hsa --without-cuda-driver --enable-checking=release --build=x86_64-linux-gnu --host=x86_64-linux-gnu --target=x86_64-linux-gnu
Thread model: posix
gcc version 9.4.0 (Ubuntu 9.4.0-1ubuntu1~20.04.1) 
configure:3711: $? = 0
configure:3700: gcc -V >&5
gcc: error: unrecognized command line option '-V'
gcc: fatal error: no input files
compilation terminated.
configure:3711: $? = 1
configure:3700: gcc -qversion >&5
gcc: error: unrecognized command line option '-qversion'; did you mean '--version'?
gcc: fatal error: no input files
compilation terminated.
configure:3711: $? = 1
configure:3731: checking whether the C compiler works
configure:3753: gcc    conftest.c  >&5
configure:3757: $? = 0
configure:3805: result: yes
configure:3808: checking for C compiler default output file name
configure:3810: result: a.out
configure:3816: checking for suffix of executables
configure:3823: gcc -o conftest    conftest.c  >&5
configure:3827: $? = 0
configure:3849: result: 
configure:3871: checking whether we are cross compiling
configure:3879: gcc -o conftest    conftest.c  >&5
configure:3883: $? = 0
configure:3890: ./conftest
configure:3894: $? = 0
configure:3882: result: no
configure:3887: checking for suffix of object files
configure:3909: gcc -c   conftest.c >&5
configure:3913: $? = 0
configure:3934: result: o
configure:3938: checking whether we are using the GNU C compiler
configure:3957: gcc -c   conftest.c >&5
configure:3957: $? = 0
configure:3966: result: yes
configure:3975: checking whether gcc accepts -g
configure:3995: gcc -c -g  conftest.c >&5
configure:3995: $? = 0
configure:4036: result: yes
configure:4053: checking for gcc option to accept ISO C89
configure:4116: gcc  -c -g -O2  conftest.c >&5
configure:4116: $? = 0
configure:4129: result: none needed
configure:4154: checking whether gcc understands -c and -o together
configure:4176: gcc -c conftest.c -o conftest2.o
configure:4179: $? = 0
configure:4176: gcc -c conftest.c -o conftest2.o
configure:4179: $? = 0
configure:4191: result: yes
configure:4210: checking dependency style of gcc
configure:4321: result: gcc3
configure:4341: checking whether make sets $(MAKE)
configure:4363: result: yes
configure:4379: checking for main in -lpthread
configure:4398: gcc -o conftest -g -O2   conftest.c -lpthread   >&5
configure:4398: $? = 0
configure:4407: result: yes
configure:4428: checking how to run the C preprocessor
configure:4459: gcc -E  conftest.c
configure:4459: $? = 0
configure:4473: gcc -E  conftest.c
conftest.c:12:10: fatal error: ac_nonexistent.h: No such file or directory
   12 | #include <ac_nonexistent.h>
      |          ^~~~~~~~~~~~~~~~~~
compilation terminated.
configure:4473: $? = 1
configure: failed program was:
| /* confdefs.h */
| #define PACKAGE_NAME "Expand"
| #define PACKAGE_TARNAME "expand"
| #define PACKAGE_VERSION "1.0.0"
| #define PACKAGE_STRING "Expand 1.0.0"
| #define PACKAGE_BUGREPORT "fgcarbal@inf.uc3m.es"
| #define PACKAGE_URL ""
| #define PACKAGE "expand"
| #define VERSION "1.0.0"
| #define HAVE_LIBPTHREAD 1
| /* end confdefs.h.  */
| #include <ac_nonexistent.h>
configure:4498: result: gcc -E
configure:4518: gcc -E  conftest.c
configure:4518: $? = 0
configure:4532: gcc -E  conftest.c
conftest.c:12:10: fatal error: ac_nonexistent.h: No such file or directory
   12 | #include <ac_nonexistent.h>
      |          ^~~~~~~~~~~~~~~~~~
compilation terminated.
configure:4532: $? = 1
configure: failed program was:
| /* confdefs.h */
| #define PACKAGE_NAME "Expand"
| #define PACKAGE_TARNAME "expand"
| #define PACKAGE_VERSION "1.0.0"
| #define PACKAGE_STRING "Expand 1.0.0"
| #define PACKAGE_BUGREPORT "fgcarbal@inf.uc3m.es"
| #define PACKAGE_URL ""
| #define PACKAGE "expand"
| #define VERSION "1.0.0"
| #define HAVE_LIBPTHREAD 1
| /* end confdefs.h.  */
| #include <ac_nonexistent.h>
configure:4561: checking for grep that handles long lines and -e
configure:4619: result: /bin/grep
configure:4624: checking for egrep
configure:4686: result: /bin/grep -E
configure:4691: checking for ANSI C header files
configure:4711: gcc -c -g -O2  conftest.c >&5
configure:4711: $? = 0
configure:4784: gcc -o conftest -g -O2   conftest.c -lpthread  >&5
configure:4784: $? = 0
configure:4784: ./conftest
configure:4784: $? = 0
configure:4795: result: yes
configure:4803: checking for sys/wait.h that is POSIX.1 compatible
configure:4829: gcc -c -g -O2  conftest.c >&5
configure:4829: $? = 0
configure:4836: result: yes
configure:4849: checking for sys/types.h
configure:4849: gcc -c -g -O2  conftest.c >&5
configure:4849: $? = 0
configure:4849: result: yes
configure:4849: checking for sys/stat.h
configure:4849: gcc -c -g -O2  conftest.c >&5
configure:4849: $? = 0
configure:4849: result: yes
configure:4849: checking for stdlib.h
configure:4849: gcc -c -g -O2  conftest.c >&5
configure:4849: $? = 0
configure:4849: result: yes
configure:4849: checking for string.h
configure:4849: gcc -c -g -O2  conftest.c >&5
configure:4849: $? = 0
configure:4849: result: yes
configure:4849: checking for memory.h
configure:4849: gcc -c -g -O2  conftest.c >&5
configure:4849: $? = 0
configure:4849: result: yes
configure:4849: checking for strings.h
configure:4849: gcc -c -g -O2  conftest.c >&5
configure:4849: $? = 0
configure:4849: result: yes
configure:4849: checking for inttypes.h
configure:4849: gcc -c -g -O2  conftest.c >&5
configure:4849: $? = 0
configure:4849: result: yes
configure:4849: checking for stdint.h
configure:4849: gcc -c -g -O2  conftest.c >&5
configure:4849: $? = 0
configure:4849: result: yes
configure:4849: checking for unistd.h
configure:4849: gcc -c -g -O2  conftest.c >&5
configure:4849: $? = 0
configure:4849: result: yes
configure:4864: checking fcntl.h usability
configure:4864: gcc -c -g -O2  conftest.c >&5
configure:4864: $? = 0
configure:4864: result: yes
configure:4864: checking fcntl.h presence
configure:4864: gcc -E  conftest.c
configure:4864: $? = 0
configure:4864: result: yes
configure:4864: checking for fcntl.h
configure:4864: result: yes
configure:4864: checking for string.h
configure:4864: result: yes
configure:4864: checking for strings.h
configure:4864: result: yes
configure:4864: checking for unistd.h
configure:4864: result: yes
configure:4864: checking sys/ioctl.h usability
configure:4864: gcc -c -g -O2  conftest.c >&5
configure:4864: $? = 0
configure:4864: result: yes
configure:4864: checking sys/ioctl.h presence
configure:4864: gcc -E  conftest.c
configure:4864: $? = 0
configure:4864: result: yes
configure:4864: checking for sys/ioctl.h
configure:4864: result: yes
configure:4864: checking sys/time.h usability
configure:4864: gcc -c -g -O2  conftest.c >&5
configure:4864: $? = 0
configure:4864: result: yes
configure:4864: checking sys/time.h presence
configure:4864: gcc -E  conftest.c
configure:4864: $? = 0
configure:4864: result: yes
configure:4864: checking for sys/time.h
configure:4864: result: yes
configure:4864: checking netinet/tcp.h usability
configure:4864: gcc -c -g -O2  conftest.c >&5
configure:4864: $? = 0
configure:4864: result: yes
configure:4864: checking netinet/tcp.h presence
configure:4864: gcc -E  conftest.c
configure:4864: $? = 0
configure:4864: result: yes
configure:4864: checking for netinet/tcp.h
configure:4864: result: yes
configure:4864: checking netinet/in.h usability
configure:4864: gcc -c -g -O2  conftest.c >&5
configure:4864: $? = 0
configure:4864: result: yes
configure:4864: checking netinet/in.h presence
configure:4864: gcc -E  conftest.c
configure:4864: $? = 0
configure:4864: result: yes
configure:4864: checking for netinet/in.h
configure:4864: result: yes
configure:4864: checking pthread.h usability
configure:4864: gcc -c -g -O2  conftest.c >&5
configure:4864: $? = 0
configure:4864: result: yes
configure:4864: checking pthread.h presence
configure:4864: gcc -E  conftest.c
configure:4864: $? = 0
configure:4864: result: yes
configure:4864: checking for pthread.h
configure:4864: result: yes
configure:4864: checking windows.h usability
configure:4864: gcc -c -g -O2  conftest.c >&5
conftest.c:65:10: fatal error: windows.h: No such file or directory
   65 | #include <windows.h>
      |          ^~~~~~~~~~~
compilation terminated.
configure:4864: $? = 1
configure: failed program was:
| /* confdefs.h */
| #define PACKAGE_NAME "Expand"
| #define PACKAGE_TARNAME "expand"
| #define PACKAGE_VERSION "1.0.0"
| #define PACKAGE_STRING "Expand 1.0.0"
| #define PACKAGE_BUGREPORT "fgcarbal@inf.uc3m.es"
| #define PACKAGE_URL ""
| #define PACKAGE "expand"
| #define VERSION "1.0.0"
| #define HAVE_LIBPTHREAD 1
| #define STDC_HEADERS 1
| #define HAVE_SYS_WAIT_H 1
| #define HAVE_SYS_TYPES_H 1
| #define HAVE_SYS_STAT_H 1
| #define HAVE_STDLIB_H 1
| #define HAVE_STRING_H 1
| #define HAVE_MEMORY_H 1
| #define HAVE_STRINGS_H 1
| #define HAVE_INTTYPES_H 1
| #define HAVE_STDINT_H 1
| #define HAVE_UNISTD_H 1
| #define HAVE_FCNTL_H 1
| #define HAVE_STRING_H 1
| #define HAVE_STRINGS_H 1
| #define HAVE_UNISTD_H 1
| #define HAVE_SYS_IOCTL_H 1
| #define HAVE_SYS_TIME_H 1
| #define HAVE_NETINET_TCP_H 1
| #define HAVE_NETINET_IN_H 1
| #define HAVE_PTHREAD_H 1
| /* end confdefs.h.  */
| #include <stdio.h>
| #ifdef HAVE_SYS_TYPES_H
| # include <sys/types.h>
| #endif
| #ifdef HAVE_SYS_STAT_H
| # include <sys/stat.h>
| #endif
| #ifdef STDC_HEADERS
| # include <stdlib.h>
| # include <stddef.h>
| #else
| # ifdef HAVE_STDLIB_H
| #  include <stdlib.h>
| # endif
| #endif
| #ifdef HAVE_STRING_H
| # if !defined STDC_HEADERS && defined HAVE_MEMORY_H
| #  include <memory.h>
| # endif
| # include <string.h>
| #endif
| #ifdef HAVE_STRINGS_H
| # include <strings.h>
| #endif
| #ifdef HAVE_INTTYPES_H
| # include <inttypes.h>
| #endif
| #ifdef HAVE_STDINT_H
| # include <stdint.h>
| #endif
| #ifdef HAVE_UNISTD_H
| # include <unistd.h>
| #endif
| #include <windows.h>
configure:4864: result: no
configure:4864: checking windows.h presence
configure:4864: gcc -E  conftest.c
conftest.c:32:10: fatal error: windows.h: No such file or directory
   32 | #include <windows.h>
      |          ^~~~~~~~~~~
compilation terminated.
configure:4864: $? = 1
configure: failed program was:
| /* confdefs.h */
| #define PACKAGE_NAME "Expand"
| #define PACKAGE_TARNAME "expand"
| #define PACKAGE_VERSION "1.0.0"
| #define PACKAGE_STRING "Expand 1.0.0"
| #define PACKAGE_BUGREPORT "fgcarbal@inf.uc3m.es"
| #define PACKAGE_URL ""
| #define PACKAGE "expand"
| #define VERSION "1.0.0"
| #define HAVE_LIBPTHREAD 1
| #define STDC_HEADERS 1
| #define HAVE_SYS_WAIT_H 1
| #define HAVE_SYS_TYPES_H 1
| #define HAVE_SYS_STAT_H 1
| #define HAVE_STDLIB_H 1
| #define HAVE_STRING_H 1
| #define HAVE_MEMORY_H 1
| #define HAVE_STRINGS_H 1
| #define HAVE_INTTYPES_H 1
| #define HAVE_STDINT_H 1
| #define HAVE_UNISTD_H 1
| #define HAVE_FCNTL_H 1
| #define HAVE_STRING_H 1
| #define HAVE_STRINGS_H 1
| #define HAVE_UNISTD_H 1
| #define HAVE_SYS_IOCTL_H 1
| #define HAVE_SYS_TIME_H 1
| #define HAVE_NETINET_TCP_H 1
| #define HAVE_NETINET_IN_H 1
| #define HAVE_PTHREAD_H 1
| /* end confdefs.h.  */
| #include <windows.h>
configure:4864: result: no
configure:4864: checking for windows.h
configure:4864: result: no
configure:4864: checking sys/param.h usability
configure:4864: gcc -c -g -O2  conftest.c >&5
configure:4864: $? = 0
configure:4864: result: yes
configure:4864: checking sys/param.h presence
configure:4864: gcc -E  conftest.c
configure:4864: $? = 0
configure:4864: result: yes
configure:4864: checking for sys/param.h
configure:4864: result: yes
configure:4864: checking dirent.h usability
configure:4864: gcc -c -g -O2  conftest.c >&5
configure:4864: $? = 0
configure:4864: result: yes
configure:4864: checking dirent.h presence
configure:4864: gcc -E  conftest.c
configure:4864: $? = 0
configure:4864: result: yes
configure:4864: checking for dirent.h
configure:4864: result: yes
configure:4864: checking rpc/rpc.h usability
configure:4864: gcc -c -g -O2  conftest.c >&5
configure:4864: $? = 0
configure:4864: result: yes
configure:4864: checking rpc/rpc.h presence
configure:4864: gcc -E  conftest.c
configure:4864: $? = 0
configure:4864: result: yes
configure:4864: checking for rpc/rpc.h
configure:4864: result: yes
configure:4864: checking rpc/clnt.h usability
configure:4864: gcc -c -g -O2  conftest.c >&5
configure:4864: $? = 0
configure:4864: result: yes
configure:4864: checking rpc/clnt.h presence
configure:4864: gcc -E  conftest.c
configure:4864: $? = 0
configure:4864: result: yes
configure:4864: checking for rpc/clnt.h
configure:4864: result: yes
configure:4864: checking rpc/types.h usability
configure:4864: gcc -c -g -O2  conftest.c >&5
configure:4864: $? = 0
configure:4864: result: yes
configure:4864: checking rpc/types.h presence
configure:4864: gcc -E  conftest.c
configure:4864: $? = 0
configure:4864: result: yes
configure:4864: checking for rpc/types.h
configure:4864: result: yes
configure:4878: checking for an ANSI C-conforming const
configure:4944: gcc -c -g -O2  conftest.c >&5
configure:4944: $? = 0
configure:4951: result: yes
configure:4959: checking whether time.h and sys/time.h may both be included
configure:4979: gcc -c -g -O2  conftest.c >&5
configure:4979: $? = 0
configure:4986: result: yes
configure:4994: checking for ptrdiff_t
configure:4994: gcc -c -g -O2  conftest.c >&5
configure:4994: $? = 0
configure:4994: gcc -c -g -O2  conftest.c >&5
conftest.c: In function 'main':
conftest.c:74:24: error: expected expression before ')' token
   74 | if (sizeof ((ptrdiff_t)))
      |                        ^
configure:4994: $? = 1
configure: failed program was:
| /* confdefs.h */
| #define PACKAGE_NAME "Expand"
| #define PACKAGE_TARNAME "expand"
| #define PACKAGE_VERSION "1.0.0"
| #define PACKAGE_STRING "Expand 1.0.0"
| #define PACKAGE_BUGREPORT "fgcarbal@inf.uc3m.es"
| #define PACKAGE_URL ""
| #define PACKAGE "expand"
| #define VERSION "1.0.0"
| #define HAVE_LIBPTHREAD 1
| #define STDC_HEADERS 1
| #define HAVE_SYS_WAIT_H 1
| #define HAVE_SYS_TYPES_H 1
| #define HAVE_SYS_STAT_H 1
| #define HAVE_STDLIB_H 1
| #define HAVE_STRING_H 1
| #define HAVE_MEMORY_H 1
| #define HAVE_STRINGS_H 1
| #define HAVE_INTTYPES_H 1
| #define HAVE_STDINT_H 1
| #define HAVE_UNISTD_H 1
| #define HAVE_FCNTL_H 1
| #define HAVE_STRING_H 1
| #define HAVE_STRINGS_H 1
| #define HAVE_UNISTD_H 1
| #define HAVE_SYS_IOCTL_H 1
| #define HAVE_SYS_TIME_H 1
| #define HAVE_NETINET_TCP_H 1
| #define HAVE_NETINET_IN_H 1
| #define HAVE_PTHREAD_H 1
| #define HAVE_SYS_PARAM_H 1
| #define HAVE_DIRENT_H 1
| #define HAVE_RPC_RPC_H 1
| #define HAVE_RPC_CLNT_H 1
| #define HAVE_RPC_TYPES_H 1
| #define TIME_WITH_SYS_TIME 1
| /* end confdefs.h.  */
| #include <stdio.h>
| #ifdef HAVE_SYS_TYPES_H
| # include <sys/types.h>
| #endif
| #ifdef HAVE_SYS_STAT_H
| # include <sys/stat.h>
| #endif
| #ifdef STDC_HEADERS
| # include <stdlib.h>
| # include <stddef.h>
| #else
| # ifdef HAVE_STDLIB_H
| #  include <stdlib.h>
| # endif
| #endif
| #ifdef HAVE_STRING_H
| # if !defined STDC_HEADERS && defined HAVE_MEMORY_H
| #  include <memory.h>
| # endif
| # include <string.h>
| #endif
| #ifdef HAVE_STRINGS_H
| # include <strings.h>
| #endif
| #ifdef HAVE_INTTYPES_H
| # include <inttypes.h>
| #endif
| #ifdef HAVE_STDINT_H
| # include <stdint.h>
| #endif
| #ifdef HAVE_UNISTD_H
| # include <unistd.h>
| #endif
| int
| main ()
| {
| if (sizeof ((ptrdiff_t)))
| 	    return 0;
|   ;
|   return 0;
| }
configure:4994: result: yes
configure:5005: checking for pid_t
configure:5005: gcc -c -g -O2  conftest.c >&5
configure:5005: $? = 0
configure:5005: gcc -c -g -O2  conftest.c >&5
conftest.c: In function 'main':
conftest.c:74:20: error: expected expression before ')' token
   74 | if (sizeof ((pid_t)))
      |                    ^
configure:5005: $? = 1
configure: failed program was:
| /* confdefs.h */
| #define PACKAGE_NAME "Expand"
| #define PACKAGE_TARNAME "expand"
| #define PACKAGE_VERSION "1.0.0"
| #define PACKAGE_STRING "Expand 1.0.0"
| #define PACKAGE_BUGREPORT "fgcarbal@inf.uc3m.es"
| #define PACKAGE_URL ""
| #define PACKAGE "expand"
| #define VERSION "1.0.0"
| #define HAVE_LIBPTHREAD 1
| #define STDC_HEADERS 1
| #define HAVE_SYS_WAIT_H 1
| #define HAVE_SYS_TYPES_H 1
| #define HAVE_SYS_STAT_H 1
| #define HAVE_STDLIB_H 1
| #define HAVE_STRING_H 1
| #define HAVE_MEMORY_H 1
| #define HAVE_STRINGS_H 1
| #define HAVE_INTTYPES_H 1
| #define HAVE_STDINT_H 1
| #define HAVE_UNISTD_H 1
| #define HAVE_FCNTL_H 1
| #define HAVE_STRING_H 1
| #define HAVE_STRINGS_H 1
| #define HAVE_UNISTD_H 1
| #define HAVE_SYS_IOCTL_H 1
| #define HAVE_SYS_TIME_H 1
| #define HAVE_NETINET_TCP_H 1
| #define HAVE_NETINET_IN_H 1
| #define HAVE_PTHREAD_H 1
| #define HAVE_SYS_PARAM_H 1
| #define HAVE_DIRENT_H 1
| #define HAVE_RPC_RPC_H 1
| #define HAVE_RPC_CLNT_H 1
| #define HAVE_RPC_TYPES_H 1
| #define TIME_WITH_SYS_TIME 1
| /* end confdefs.h.  */
| #include <stdio.h>
| #ifdef HAVE_SYS_TYPES_H
| # include <sys/types.h>
| #endif
| #ifdef HAVE_SYS_STAT_H
| # include <sys/stat.h>
| #endif
| #ifdef STDC_HEADERS
| # include <stdlib.h>
| # include <stddef.h>
| #else
| # ifdef HAVE_STDLIB_H
| #  include <stdlib.h>
| # endif
| #endif
| #ifdef HAVE_STRING_H
| # if !defined STDC_HEADERS && defined HAVE_MEMORY_H
| #  include <memory.h>
| # endif
| # include <string.h>
| #endif
| #ifdef HAVE_STRINGS_H
| # include <strings.h>
| #endif
| #ifdef HAVE_INTTYPES_H
| # include <inttypes.h>
| #endif
| #ifdef HAVE_STDINT_H
| # include <stdint.h>
| #endif
| #ifdef HAVE_UNISTD_H
| # include <unistd.h>
| #endif
| int
| main ()
| {
| if (sizeof ((pid_t)))
| 	    return 0;
|   ;
|   return 0;
| }
configure:5005: result: yes
configure:5016: checking for size_t
configure:5016: gcc -c -g -O2  conftest.c >&5
configure:5016: $? = 0
configure:5016: gcc -c -g -O2  conftest.c >&5
conftest.c: In function 'main':
conftest.c:74:21: error: expected expression before ')' token
   74 | if (sizeof ((size_t)))
      |                     ^
configure:5016: $? = 1
configure: failed program was:
| /* confdefs.h */
| #define PACKAGE_NAME "Expand"
| #define PACKAGE_TARNAME "expand"
| #define PACKAGE_VERSION "1.0.0"
| #define PACKAGE_STRING "Expand 1.0.0"
| #define PACKAGE_BUGREPORT "fgcarbal@inf.uc3m.es"
| #define PACKAGE_URL ""
| #define PACKAGE "expand"
| #define VERSION "1.0.0"
| #define HAVE_LIBPTHREAD 1
| #define STDC_HEADERS 1
| #define HAVE_SYS_WAIT_H 1
| #define HAVE_SYS_TYPES_H 1
| #define HAVE_SYS_STAT_H 1
| #define HAVE_STDLIB_H 1
| #define HAVE_STRING_H 1
| #define HAVE_MEMORY_H 1
| #define HAVE_STRINGS_H 1
| #define HAVE_INTTYPES_H 1
| #define HAVE_STDINT_H 1
| #define HAVE_UNISTD_H 1
| #define HAVE_FCNTL_H 1
| #define HAVE_STRING_H 1
| #define HAVE_STRINGS_H 1
| #define HAVE_UNISTD_H 1
| #define HAVE_SYS_IOCTL_H 1
| #define HAVE_SYS_TIME_H 1
| #define HAVE_NETINET_TCP_H 1
| #define HAVE_NETINET_IN_H 1
| #define HAVE_PTHREAD_H 1
| #define HAVE_SYS_PARAM_H 1
| #define HAVE_DIRENT_H 1
| #define HAVE_RPC_RPC_H 1
| #define HAVE_RPC_CLNT_H 1
| #define HAVE_RPC_TYPES_H 1
| #define TIME_WITH_SYS_TIME 1
| /* end confdefs.h.  */
| #include <stdio.h>
| #ifdef HAVE_SYS_TYPES_H
| # include <sys/types.h>
| #endif
| #ifdef HAVE_SYS_STAT_H
| # include <sys/stat.h>
| #endif
| #ifdef STDC_HEADERS
| # include <stdlib.h>
| # include <stddef.h>
| #else
| # ifdef HAVE_STDLIB_H
| #  include <stdlib.h>
| # endif
| #endif
| #ifdef HAVE_STRING_H
| # if !defined STDC_HEADERS && defined HAVE_MEMORY_H
| #  include <memory.h>
| # endif
| # include <string.h>
| #endif
| #ifdef HAVE_STRINGS_H
| # include <strings.h>
| #endif
| #ifdef HAVE_INTTYPES_H
| # include <inttypes.h>
| #endif
| #ifdef HAVE_STDINT_H
| # include <stdint.h>
| #endif
| #ifdef HAVE_UNISTD_H
| # include <unistd.h>
| #endif
| int
| main ()
| {
| if (sizeof ((size_t)))
| 	    return 0;
|   ;
|   return 0;
| }
configure:5016: result: yes
configure:5027: checking return type of signal handlers
configure:5045: gcc -c -g -O2  conftest.c >&5
conftest.c: In function 'main':
conftest.c:44:10: error: void value not ignored as it ought to be
   44 | return *(signal (0, 0)) (0) == 1;
      |         ~^~~~~~~~~~~~~~~~~~
configure:5045: $? = 1
configure: failed program was:
| /* confdefs.h */
| #define PACKAGE_NAME "Expand"
| #define PACKAGE_TARNAME "expand"
| #define PACKAGE_VERSION "1.0.0"
| #define PACKAGE_STRING "Expand 1.0.0"
| #define PACKAGE_BUGREPORT "fgcarbal@inf.uc3m.es"
| #define PACKAGE_URL ""
| #define PACKAGE "expand"
| #define VERSION "1.0.0"
| #define HAVE_LIBPTHREAD 1
| #define STDC_HEADERS 1
| #define HAVE_SYS_WAIT_H 1
| #define HAVE_SYS_TYPES_H 1
| #define HAVE_SYS_STAT_H 1
| #define HAVE_STDLIB_H 1
| #define HAVE_STRING_H 1
| #define HAVE_MEMORY_H 1
| #define HAVE_STRINGS_H 1
| #define HAVE_INTTYPES_H 1
| #define HAVE_STDINT_H 1
| #define HAVE_UNISTD_H 1
| #define HAVE_FCNTL_H 1
| #define HAVE_STRING_H 1
| #define HAVE_STRINGS_H 1
| #define HAVE_UNISTD_H 1
| #define HAVE_SYS_IOCTL_H 1
| #define HAVE_SYS_TIME_H 1
| #define HAVE_NETINET_TCP_H 1
| #define HAVE_NETINET_IN_H 1
| #define HAVE_PTHREAD_H 1
| #define HAVE_SYS_PARAM_H 1
| #define HAVE_DIRENT_H 1
| #define HAVE_RPC_RPC_H 1
| #define HAVE_RPC_CLNT_H 1
| #define HAVE_RPC_TYPES_H 1
| #define TIME_WITH_SYS_TIME 1
| /* end confdefs.h.  */
| #include <sys/types.h>
| #include <signal.h>
| 
| int
| main ()
| {
| return *(signal (0, 0)) (0) == 1;
|   ;
|   return 0;
| }
configure:5052: result: void
configure:5064: checking size of unsigned short
configure:5069: gcc -o conftest -g -O2   conftest.c -lpthread  >&5
configure:5069: $? = 0
configure:5069: ./conftest
configure:5069: $? = 0
configure:5083: result: 2
configure:5097: checking size of unsigned
configure:5102: gcc -o conftest -g -O2   conftest.c -lpthread  >&5
configure:5102: $? = 0
configure:5102: ./conftest
configure:5102: $? = 0
configure:5116: result: 4
configure:5130: checking size of unsigned long
configure:5135: gcc -o conftest -g -O2   conftest.c -lpthread  >&5
configure:5135: $? = 0
configure:5135: ./conftest
configure:5135: $? = 0
configure:5149: result: 8
configure:5163: checking size of char *
configure:5168: gcc -o conftest -g -O2   conftest.c -lpthread  >&5
configure:5168: $? = 0
configure:5168: ./conftest
configure:5168: $? = 0
configure:5182: result: 8
configure:5196: checking size of ptrdiff_t
configure:5201: gcc -o conftest -g -O2   conftest.c -lpthread  >&5
configure:5201: $? = 0
configure:5201: ./conftest
configure:5201: $? = 0
configure:5215: result: 8
configure:5229: checking size of size_t
configure:5234: gcc -o conftest -g -O2   conftest.c -lpthread  >&5
configure:5234: $? = 0
configure:5234: ./conftest
configure:5234: $? = 0
configure:5248: result: 8
configure:5265: checking for vprintf
configure:5265: gcc -o conftest -g -O2   conftest.c -lpthread  >&5
conftest.c:68:6: warning: conflicting types for built-in function 'vprintf'; expected 'int(const char *, __va_list_tag *)' [-Wbuiltin-declaration-mismatch]
   68 | char vprintf ();
      |      ^~~~~~~
conftest.c:56:1: note: 'vprintf' is declared in header '<stdio.h>'
   55 | # include <limits.h>
   56 | #else
configure:5265: $? = 0
configure:5265: result: yes
configure:5271: checking for _doprnt
configure:5271: gcc -o conftest -g -O2   conftest.c -lpthread  >&5
/usr/bin/ld: /tmp/ccLYfgQ5.o: in function `main':
/local_test/xpn/conftest.c:80: undefined reference to `_doprnt'
collect2: error: ld returned 1 exit status
configure:5271: $? = 1
configure: failed program was:
| /* confdefs.h */
| #define PACKAGE_NAME "Expand"
| #define PACKAGE_TARNAME "expand"
| #define PACKAGE_VERSION "1.0.0"
| #define PACKAGE_STRING "Expand 1.0.0"
| #define PACKAGE_BUGREPORT "fgcarbal@inf.uc3m.es"
| #define PACKAGE_URL ""
| #define PACKAGE "expand"
| #define VERSION "1.0.0"
| #define HAVE_LIBPTHREAD 1
| #define STDC_HEADERS 1
| #define HAVE_SYS_WAIT_H 1
| #define HAVE_SYS_TYPES_H 1
| #define HAVE_SYS_STAT_H 1
| #define HAVE_STDLIB_H 1
| #define HAVE_STRING_H 1
| #define HAVE_MEMORY_H 1
| #define HAVE_STRINGS_H 1
| #define HAVE_INTTYPES_H 1
| #define HAVE_STDINT_H 1
| #define HAVE_UNISTD_H 1
| #define HAVE_FCNTL_H 1
| #define HAVE_STRING_H 1
| #define HAVE_STRINGS_H 1
| #define HAVE_UNISTD_H 1
| #define HAVE_SYS_IOCTL_H 1
| #define HAVE_SYS_TIME_H 1
| #define HAVE_NETINET_TCP_H 1
| #define HAVE_NETINET_IN_H 1
| #define HAVE_PTHREAD_H 1
| #define HAVE_SYS_PARAM_H 1
| #define HAVE_DIRENT_H 1
| #define HAVE_RPC_RPC_H 1
| #define HAVE_RPC_CLNT_H 1
| #define HAVE_RPC_TYPES_H 1
| #define TIME_WITH_SYS_TIME 1
| #define RETSIGTYPE void
| #define SIZEOF_UNSIGNED_SHORT 2
| #define SIZEOF_UNSIGNED 4
| #define SIZEOF_UNSIGNED_LONG 8
| #define SIZEOF_CHAR_P 8
| #define SIZEOF_PTRDIFF_T 8
| #define SIZEOF_SIZE_T 8
| #define HAVE_VPRINTF 1
| /* end confdefs.h.  */
| /* Define _doprnt to an innocuous variant, in case <limits.h> declares _doprnt.
|    For example, HP-UX 11i <limits.h> declares gettimeofday.  */
| #define _doprnt innocuous__doprnt
| 
| /* System header to define __stub macros and hopefully few prototypes,
|     which can conflict with char _doprnt (); below.
|     Prefer <limits.h> to <assert.h> if __STDC__ is defined, since
|     <limits.h> exists even on freestanding compilers.  */
| 
| #ifdef __STDC__
| # include <limits.h>
| #else
| # include <assert.h>
| #endif
| 
| #undef _doprnt
| 
| /* Override any GCC internal prototype to avoid an error.
|    Use char because int might match the return type of a GCC
|    builtin and then its argument prototype would still apply.  */
| #ifdef __cplusplus
| extern "C"
| #endif
| char _doprnt ();
| /* The GNU C library defines this for functions which it implements
|     to always fail with ENOSYS.  Some functions are actually named
|     something starting with __ and the normal name is an alias.  */
| #if defined __stub__doprnt || defined __stub____doprnt
| choke me
| #endif
| 
| int
| main ()
| {
| return _doprnt ();
|   ;
|   return 0;
| }
configure:5271: result: no
configure:5285: checking for gethostname
configure:5285: gcc -o conftest -g -O2   conftest.c -lpthread  >&5
configure:5285: $? = 0
configure:5285: result: yes
configure:5285: checking for gettimeofday
configure:5285: gcc -o conftest -g -O2   conftest.c -lpthread  >&5
configure:5285: $? = 0
configure:5285: result: yes
configure:5285: checking for select
configure:5285: gcc -o conftest -g -O2   conftest.c -lpthread  >&5
configure:5285: $? = 0
configure:5285: result: yes
configure:5285: checking for socket
configure:5285: gcc -o conftest -g -O2   conftest.c -lpthread  >&5
configure:5285: $? = 0
configure:5285: result: yes
configure:5285: checking for strdup
configure:5285: gcc -o conftest -g -O2   conftest.c -lpthread  >&5
conftest.c:73:6: warning: conflicting types for built-in function 'strdup'; expected 'char *(const char *)' [-Wbuiltin-declaration-mismatch]
   73 | char strdup ();
      |      ^~~~~~
configure:5285: $? = 0
configure:5285: result: yes
configure:5285: checking for strerror
configure:5285: gcc -o conftest -g -O2   conftest.c -lpthread  >&5
configure:5285: $? = 0
configure:5285: result: yes
configure:5297: checking for memcmp
configure:5297: gcc -o conftest -g -O2   conftest.c -lpthread  >&5
conftest.c:75:6: warning: conflicting types for built-in function 'memcmp'; expected 'int(const void *, const void *, long unsigned int)' [-Wbuiltin-declaration-mismatch]
   75 | char memcmp ();
      |      ^~~~~~
conftest.c:63:1: note: 'memcmp' is declared in header '<string.h>'
   62 | # include <limits.h>
   63 | #else
configure:5297: $? = 0
configure:5297: result: yes
configure:5297: checking for memcpy
configure:5297: gcc -o conftest -g -O2   conftest.c -lpthread  >&5
conftest.c:76:6: warning: conflicting types for built-in function 'memcpy'; expected 'void *(void *, const void *, long unsigned int)' [-Wbuiltin-declaration-mismatch]
   76 | char memcpy ();
      |      ^~~~~~
conftest.c:64:1: note: 'memcpy' is declared in header '<string.h>'
   63 | # include <limits.h>
   64 | #else
configure:5297: $? = 0
configure:5297: result: yes
configure:5297: checking for memmove
configure:5297: gcc -o conftest -g -O2   conftest.c -lpthread  >&5
conftest.c:77:6: warning: conflicting types for built-in function 'memmove'; expected 'void *(void *, const void *, long unsigned int)' [-Wbuiltin-declaration-mismatch]
   77 | char memmove ();
      |      ^~~~~~~
conftest.c:65:1: note: 'memmove' is declared in header '<string.h>'
   64 | # include <limits.h>
   65 | #else
configure:5297: $? = 0
configure:5297: result: yes
configure:5297: checking for memset
configure:5297: gcc -o conftest -g -O2   conftest.c -lpthread  >&5
conftest.c:78:6: warning: conflicting types for built-in function 'memset'; expected 'void *(void *, int,  long unsigned int)' [-Wbuiltin-declaration-mismatch]
   78 | char memset ();
      |      ^~~~~~
conftest.c:66:1: note: 'memset' is declared in header '<string.h>'
   65 | # include <limits.h>
   66 | #else
configure:5297: $? = 0
configure:5297: result: yes
configure:5329: result: "linux-gnu"
configure:5888: checking that generated files are newer than configure
configure:5894: result: done
configure:5965: creating ./config.status

## ---------------------- ##
## Running config.status. ##
## ---------------------- ##

This file was extended by Expand config.status 1.0.0, which was
generated by GNU Autoconf 2.69.  Invocation command line was

  CONFIG_FILES    = 
  CONFIG_HEADERS  = 
  CONFIG_LINKS    = 
  CONFIG_COMMANDS = 
  $ ./config.status 

on lab21-b06

config.status:963: creating test/autotest/testsuite.at
config.status:963: creating Makefile
config.status:963: creating lib/Makefile
config.status:963: creating utils/Makefile
config.status:963: creating src/nfi/nfi_gsoap/PosixIOService/Makefile
config.status:963: creating test/autotest/Makefile
config.status:963: creating include/config.h
config.status:1144: include/config.h is unchanged
config.status:1192: executing depfiles commands
config.status:1269: cd lib       && sed -e '/# am--include-marker/d' Makefile         | make -f - am--depfiles
make: Nothing to be done for 'am--depfiles'.
config.status:1274: $? = 0
config.status:1269: cd utils       && sed -e '/# am--include-marker/d' Makefile         | make -f - am--depfiles
make: Nothing to be done for 'am--depfiles'.
config.status:1274: $? = 0
config.status:1192: executing test/autotest/atconfig commands

## ---------------- ##
## Cache variables. ##
## ---------------- ##

ac_cv_build=x86_64-pc-linux-gnu
ac_cv_c_compiler_gnu=yes
ac_cv_c_const=yes
ac_cv_env_CC_set=
ac_cv_env_CC_value=
ac_cv_env_CFLAGS_set=
ac_cv_env_CFLAGS_value=
ac_cv_env_CPPFLAGS_set=
ac_cv_env_CPPFLAGS_value=
ac_cv_env_CPP_set=
ac_cv_env_CPP_value=
ac_cv_env_LDFLAGS_set=
ac_cv_env_LDFLAGS_value=
ac_cv_env_LIBS_set=
ac_cv_env_LIBS_value=
ac_cv_env_build_alias_set=
ac_cv_env_build_alias_value=
ac_cv_env_host_alias_set=
ac_cv_env_host_alias_value=
ac_cv_env_target_alias_set=
ac_cv_env_target_alias_value=
ac_cv_func__doprnt=no
ac_cv_func_gethostname=yes
ac_cv_func_gettimeofday=yes
ac_cv_func_memcmp=yes
ac_cv_func_memcpy=yes
ac_cv_func_memmove=yes
ac_cv_func_memset=yes
ac_cv_func_select=yes
ac_cv_func_socket=yes
ac_cv_func_strdup=yes
ac_cv_func_strerror=yes
ac_cv_func_vprintf=yes
ac_cv_header_dirent_h=yes
ac_cv_header_fcntl_h=yes
ac_cv_header_inttypes_h=yes
ac_cv_header_memory_h=yes
ac_cv_header_netinet_in_h=yes
ac_cv_header_netinet_tcp_h=yes
ac_cv_header_pthread_h=yes
ac_cv_header_rpc_clnt_h=yes
ac_cv_header_rpc_rpc_h=yes
ac_cv_header_rpc_types_h=yes
ac_cv_header_stdc=yes
ac_cv_header_stdint_h=yes
ac_cv_header_stdlib_h=yes
ac_cv_header_string_h=yes
ac_cv_header_strings_h=yes
ac_cv_header_sys_ioctl_h=yes
ac_cv_header_sys_param_h=yes
ac_cv_header_sys_stat_h=yes
ac_cv_header_sys_time_h=yes
ac_cv_header_sys_types_h=yes
ac_cv_header_sys_wait_h=yes
ac_cv_header_time=yes
ac_cv_header_unistd_h=yes
ac_cv_header_windows_h=no
ac_cv_host=x86_64-pc-linux-gnu
ac_cv_lib_pthread_main=yes
ac_cv_objext=o
ac_cv_path_EGREP='/bin/grep -E'
ac_cv_path_GREP=/bin/grep
ac_cv_path_install='/usr/bin/install -c'
ac_cv_path_mkdir=/bin/mkdir
ac_cv_prog_AWK=mawk
ac_cv_prog_CPP='gcc -E'
ac_cv_prog_ac_ct_CC=gcc
ac_cv_prog_ac_ct_RANLIB=ranlib
ac_cv_prog_cc_c89=
ac_cv_prog_cc_g=yes
ac_cv_prog_make_make_set=yes
ac_cv_sizeof_char_p=8
ac_cv_sizeof_ptrdiff_t=8
ac_cv_sizeof_size_t=8
ac_cv_sizeof_unsigned=4
ac_cv_sizeof_unsigned_long=8
ac_cv_sizeof_unsigned_short=2
ac_cv_target=x86_64-pc-linux-gnu
ac_cv_type_pid_t=yes
ac_cv_type_ptrdiff_t=yes
ac_cv_type_signal=void
ac_cv_type_size_t=yes
am_cv_CC_dependencies_compiler_type=gcc3
am_cv_make_support_nested_variables=yes
am_cv_prog_cc_c_o=yes

## ----------------- ##
## Output variables. ##
## ----------------- ##

ACLOCAL='${SHELL} /local_test/xpn/config/missing aclocal-1.16'
AMDEPBACKSLASH='\'
AMDEP_FALSE='#'
AMDEP_TRUE=''
AMTAR='$${TAR-tar}'
AM_BACKSLASH='\'
AM_DEFAULT_V='$(AM_DEFAULT_VERBOSITY)'
AM_DEFAULT_VERBOSITY='1'
AM_V='$(V)'
AUTOCONF='${SHELL} /local_test/xpn/config/missing autoconf'
AUTOHEADER='${SHELL} /local_test/xpn/config/missing autoheader'
AUTOM4TE='${SHELL} /local_test/xpn/config/missing autom4te'
AUTOMAKE='${SHELL} /local_test/xpn/config/missing automake-1.16'
AWK='mawk'
CC='/opt/software/install-mpich/bin/mpicc'
CCDEPMODE='depmode=gcc3'
CDEFS='-D_REENTRANT -DPOSIX_THREADS -DHAVE_CONFIG_H -DLINUX -DXPNI_LOWFSI_XPN -D_GNU_SOURCE -D_FILE_OFFSET_BITS=64 -DENABLE_MXML -DENABLE_NFS3 -DENABLE_TCPSERVER -DENABLE_MPISERVER'
CFLAGS='-fPIC -O0 -g -g3 -ggdb -ggdb3 -Wall -Wextra'
CPP='gcc -E'
CPPFLAGS='-D_REENTRANT -DPOSIX_THREADS -DHAVE_CONFIG_H -DLINUX -DXPNI_LOWFSI_XPN -D_GNU_SOURCE -D_FILE_OFFSET_BITS=64 -DENABLE_MXML -DENABLE_NFS3 -DENABLE_TCPSERVER -DENABLE_MPISERVER -I$(HOME)/mxml/usr/include -I$(top_srcdir)/include -I$(top_srcdir)/include/base -I$(top_srcdir)/include/xpn -I$(top_srcdir)/include/xpn/xpn_simple -I$(top_srcdir)/include/nfi -I$(top_srcdir)/include/nfi/nfi_local -I$(top_srcdir)/include/xpni/xpni_ft -I$(top_srcdir)/include/xpni/xpni_log -I$(top_srcdir)/include/nfi/nfi_nfs3 -I$(top_srcdir)/include/nfi/nfi_tcpServer -I$(top_srcdir)/include/nfi/nfi_mpiServer  '
CYGPATH_W='echo'
DEFS='-DHAVE_CONFIG_H'
DEPDIR='.deps'
ECHO_C=''
ECHO_N='-n'
ECHO_T=''
EGREP='/bin/grep -E'
ENABLE_FTP_FALSE=''
ENABLE_FTP_TRUE='#'
ENABLE_GRIDFTP_FALSE=''
ENABLE_GRIDFTP_TRUE='#'
ENABLE_GSOAP_FALSE=''
ENABLE_GSOAP_TRUE='#'
ENABLE_HTTP_FALSE=''
ENABLE_HTTP_TRUE='#'
ENABLE_IOPROXY_RPC_FALSE=''
ENABLE_IOPROXY_RPC_TRUE='#'
ENABLE_MPISERVER_FALSE='#'
ENABLE_MPISERVER_TRUE=''
ENABLE_NFS3_FALSE='#'
ENABLE_NFS3_TRUE=''
ENABLE_NFS_FALSE=''
ENABLE_NFS_TRUE='#'
ENABLE_TCPSERVER_FALSE='#'
ENABLE_TCPSERVER_TRUE=''
ENABLE_XIO_FALSE=''
ENABLE_XIO_TRUE='#'
EXEEXT=''
FUSEDAV=''
GREP='/bin/grep'
GSOAP_BIN_DIR=''
GSOAP_IMPORT_DIR=''
GSOAP_INCLUDE_DIR=''
GSOAP_LIB_DIR=''
INSTALL_DATA='${INSTALL} -m 644'
INSTALL_PROGRAM='${INSTALL}'
INSTALL_SCRIPT='${INSTALL}'
INSTALL_STRIP_PROGRAM='$(install_sh) -c -s'
LDFLAGS='-lpthread -lpthread  -L$(HOME)/mxml/usr/lib -lmxml -ldl'
LIBLINK='-lpthread'
LIBOBJS=''
LIBS='-lpthread  -L$(HOME)/mxml/usr/lib -lmxml -ldl'
LTLIBOBJS=''
LTP_PATH='${abs_top_srcdir}/test/autotest/ltp-full-20080731'
LTP_VERSION='20080731'
MAKE='make'
MAKEINFO='${SHELL} /local_test/xpn/config/missing makeinfo'
MKDIR_P='/bin/mkdir -p'
M_HEADERS=''
NFI_FTP=''
NFI_FTP_OBJECTS=''
NFI_GRIDFTP=''
NFI_GRIDFTP_OBJECTS=''
NFI_GSOAP=''
NFI_GSOAP_OBJECTS=''
NFI_HTTP=''
NFI_HTTP_OBJECTS=''
NFI_IOPROXY_RPC=''
NFI_IOPROXY_RPC_OBJECTS=''
NFI_MPISERVER='nfi_mpiserver'
NFI_MPISERVER_OBJECTS='$(NFI_MPISERVER_OBJECTS)'
NFI_NFS3='nfi_nfs3'
NFI_NFS3_OBJECTS='$(NFI_NFS3_OBJECTS)'
NFI_NFS=''
NFI_NFS_OBJECTS=''
NFI_TCPSERVER='nfi_tcpserver'
NFI_TCPSERVER_OBJECTS='$(NFI_TCPSERVER_OBJECTS)'
NFI_XIO=''
NFI_XIO_OBJECTS=''
OBJEXT='o'
OS='__LINUX__'
PACKAGE='expand'
PACKAGE_BUGREPORT='fgcarbal@inf.uc3m.es'
PACKAGE_NAME='Expand'
PACKAGE_STRING='Expand 1.0.0'
PACKAGE_TARNAME='expand'
PACKAGE_URL=''
PACKAGE_VERSION='1.0.0'
PATH_SEPARATOR=':'
POSIXIOSERVICE=''
RANLIB='ranlib'
SET_MAKE=''
SHELL='/bin/bash'
STRIP=''
VERSION='1.0.0'
ac_ct_CC='gcc'
am__EXEEXT_FALSE=''
am__EXEEXT_TRUE='#'
am__fastdepCC_FALSE='#'
am__fastdepCC_TRUE=''
am__include='include'
am__isrc=''
am__leading_dot='.'
am__nodep='_no'
am__quote=''
am__tar='$${TAR-tar} chof - "$$tardir"'
am__untar='$${TAR-tar} xf -'
bindir='${exec_prefix}/bin'
build='x86_64-pc-linux-gnu'
build_alias=''
build_cpu='x86_64'
build_os='linux-gnu'
build_vendor='pc'
datadir='${datarootdir}'
datarootdir='${prefix}/share'
docdir='${datarootdir}/doc/${PACKAGE_TARNAME}'
dvidir='${docdir}'
exec_prefix='${prefix}'
host='x86_64-pc-linux-gnu'
host_alias=''
host_cpu='x86_64'
host_os='linux-gnu'
host_vendor='pc'
htmldir='${docdir}'
includedir='${prefix}/include'
infodir='${datarootdir}/info'
install_sh='${SHELL} /local_test/xpn/config/install-sh'
libdir='${exec_prefix}/lib'
libexecdir='${exec_prefix}/libexec'
localedir='${datarootdir}/locale'
localstatedir='${prefix}/var'
mandir='${datarootdir}/man'
mkdir_p='$(MKDIR_P)'
oldincludedir='/usr/include'
pdfdir='${docdir}'
prefix='/opt/xpn'
program_transform_name='s,x,x,'
psdir='${docdir}'
runstatedir='${localstatedir}/run'
sbindir='${exec_prefix}/sbin'
sharedstatedir='${prefix}/com'
subdirs=''
sysconfdir='${prefix}/etc'
target='x86_64-pc-linux-gnu'
target_alias=''
target_cpu='x86_64'
target_os='linux-gnu'
target_vendor='pc'

## ----------- ##
## confdefs.h. ##
## ----------- ##

/* confdefs.h */
#define PACKAGE_NAME "Expand"
#define PACKAGE_TARNAME "expand"
#define PACKAGE_VERSION "1.0.0"
#define PACKAGE_STRING "Expand 1.0.0"
#define PACKAGE_BUGREPORT "fgcarbal@inf.uc3m.es"
#define PACKAGE_URL ""
#define PACKAGE "expand"
#define VERSION "1.0.0"
#define HAVE_LIBPTHREAD 1
#define STDC_HEADERS 1
#define HAVE_SYS_WAIT_H 1
#define HAVE_SYS_TYPES_H 1
#define HAVE_SYS_STAT_H 1
#define HAVE_STDLIB_H 1
#define HAVE_STRING_H 1
#define HAVE_MEMORY_H 1
#define HAVE_STRINGS_H 1
#define HAVE_INTTYPES_H 1
#define HAVE_STDINT_H 1
#define HAVE_UNISTD_H 1
#define HAVE_FCNTL_H 1
#define HAVE_STRING_H 1
#define HAVE_STRINGS_H 1
#define HAVE_UNISTD_H 1
#define HAVE_SYS_IOCTL_H 1
#define HAVE_SYS_TIME_H 1
#define HAVE_NETINET_TCP_H 1
#define HAVE_NETINET_IN_H 1
#define HAVE_PTHREAD_H 1
#define HAVE_SYS_PARAM_H 1
#define HAVE_DIRENT_H 1
#define HAVE_RPC_RPC_H 1
#define HAVE_RPC_CLNT_H 1
#define HAVE_RPC_TYPES_H 1
#define TIME_WITH_SYS_TIME 1
#define RETSIGTYPE void
#define SIZEOF_UNSIGNED_SHORT 2
#define SIZEOF_UNSIGNED 4
#define SIZEOF_UNSIGNED_LONG 8
#define SIZEOF_CHAR_P 8
#define SIZEOF_PTRDIFF_T 8
#define SIZEOF_SIZE_T 8
#define HAVE_VPRINTF 1
#define HAVE_GETHOSTNAME 1
#define HAVE_GETTIMEOFDAY 1
#define HAVE_SELECT 1
#define HAVE_SOCKET 1
#define HAVE_STRDUP 1
#define HAVE_STRERROR 1
#define HAVE_MEMCMP 1
#define HAVE_MEMCPY 1
#define HAVE_MEMMOVE 1
#define HAVE_MEMSET 1

configure: exit 0
