This file contains any messages produced by compilers while
running configure, to aid debugging if configure makes a mistake.

It was created by Expand configure 3.3.0, which was
generated by GNU Autoconf 2.71.  Invocation command line was

  $ /home/elias/VSProjects/xpn/configure

## --------- ##
## Platform. ##
## --------- ##

hostname = eliasPC
uname -m = x86_64
uname -r = 6.14.0-29-generic
uname -s = Linux
uname -v = #29~24.04.1-Ubuntu SMP PREEMPT_DYNAMIC Thu Aug 14 16:52:50 UTC 2

/usr/bin/uname -p = x86_64
/bin/uname -X     = unknown

/bin/arch              = x86_64
/usr/bin/arch -k       = unknown
/usr/convex/getsysinfo = unknown
/usr/bin/hostinfo      = unknown
/bin/machine           = unknown
/usr/bin/oslevel       = unknown
/bin/universe          = unknown

PATH: /home/elias/bin/
PATH: /usr/local/sbin/
PATH: /usr/local/bin/
PATH: /usr/sbin/
PATH: /usr/bin/
PATH: /sbin/
PATH: /bin/
PATH: /usr/games/
PATH: /usr/local/games/
PATH: /snap/bin/
PATH: /snap/bin/
PATH: /snap/clion/371/bin/ninja/linux/x64/


## ----------- ##
## Core tests. ##
## ----------- ##

configure:2630: looking for aux files: compile ar-lib missing config.guess config.sub install-sh
configure:2643:  trying /home/elias/VSProjects/xpn/./config/
configure:2672:   /home/elias/VSProjects/xpn/./config/compile found
configure:2672:   /home/elias/VSProjects/xpn/./config/ar-lib found
configure:2672:   /home/elias/VSProjects/xpn/./config/missing found
configure:2672:   /home/elias/VSProjects/xpn/./config/config.guess found
configure:2672:   /home/elias/VSProjects/xpn/./config/config.sub found
configure:2654:   /home/elias/VSProjects/xpn/./config/install-sh found
configure:2802: checking for a BSD-compatible install
configure:2875: result: /usr/bin/install -c
configure:2934: checking for ranlib
configure:2955: found /usr/bin/ranlib
configure:2966: result: ranlib
configure:2988: checking whether ln -s works
configure:2992: result: yes
configure:3011: checking build system type
configure:3026: result: x86_64-pc-linux-gnu
configure:3046: checking host system type
configure:3060: result: x86_64-pc-linux-gnu
configure:3080: checking target system type
configure:3094: result: x86_64-pc-linux-gnu
configure:3125: checking whether build environment is sane
configure:3180: result: yes
configure:3339: checking for a race-free mkdir -p
configure:3383: result: /usr/bin/mkdir -p
configure:3390: checking for gawk
configure:3425: result: no
configure:3390: checking for mawk
configure:3411: found /usr/bin/mawk
configure:3422: result: mawk
configure:3433: checking whether make sets $(MAKE)
configure:3456: result: yes
configure:3486: checking whether make supports nested variables
configure:3504: result: yes
configure:3521: error: source directory already configured; run "make distclean" there first

## ---------------- ##
## Cache variables. ##
## ---------------- ##

ac_cv_build=x86_64-pc-linux-gnu
ac_cv_env_CC_set=
ac_cv_env_CC_value=
ac_cv_env_CFLAGS_set=
ac_cv_env_CFLAGS_value=
ac_cv_env_CPPFLAGS_set=
ac_cv_env_CPPFLAGS_value=
ac_cv_env_LDFLAGS_set=
ac_cv_env_LDFLAGS_value=
ac_cv_env_LIBS_set=
ac_cv_env_LIBS_value=
ac_cv_env_build_alias_set=
ac_cv_env_build_alias_value=
ac_cv_env_host_alias_set=
ac_cv_env_host_alias_value=
ac_cv_env_target_alias_set=
ac_cv_env_target_alias_value=
ac_cv_host=x86_64-pc-linux-gnu
ac_cv_path_install='/usr/bin/install -c'
ac_cv_path_mkdir=/usr/bin/mkdir
ac_cv_prog_AWK=mawk
ac_cv_prog_ac_ct_RANLIB=ranlib
ac_cv_prog_make_make_set=yes
ac_cv_target=x86_64-pc-linux-gnu
am_cv_make_support_nested_variables=yes

## ----------------- ##
## Output variables. ##
## ----------------- ##

ACLOCAL=''
AMDEPBACKSLASH=''
AMDEP_FALSE=''
AMDEP_TRUE=''
AMTAR=''
AM_BACKSLASH='\'
AM_DEFAULT_V='$(AM_DEFAULT_VERBOSITY)'
AM_DEFAULT_VERBOSITY='1'
AM_V='$(V)'
AR=''
AUTOCONF=''
AUTOHEADER=''
AUTOMAKE=''
AWK='mawk'
CC=''
CCDEPMODE=''
CDEFS=''
CFLAGS=''
CPPFLAGS=''
CSCOPE=''
CTAGS=''
CYGPATH_W=''
DEFS=''
DEPDIR=''
ECHO_C=''
ECHO_N='-n'
ECHO_T=''
EGREP=''
ENABLE_MPI_SERVER_FALSE=''
ENABLE_MPI_SERVER_TRUE=''
ENABLE_NFS3_FALSE=''
ENABLE_NFS3_TRUE=''
ENABLE_NFS_FALSE=''
ENABLE_NFS_TRUE=''
ENABLE_SCK_SERVER_FALSE=''
ENABLE_SCK_SERVER_TRUE=''
ETAGS=''
EXEEXT=''
GREP=''
INSTALL_DATA='${INSTALL} -m 644'
INSTALL_PROGRAM='${INSTALL}'
INSTALL_SCRIPT='${INSTALL}'
INSTALL_STRIP_PROGRAM='$(install_sh) -c -s'
LDFLAGS=''
LIBLINK=''
LIBOBJS=''
LIBS=''
LN_S='ln -s'
LTLIBOBJS=''
MAKE=''
MAKEINFO=''
MKDIR_P='/usr/bin/mkdir -p'
M_HEADERS=''
NFI_MPI_SERVER=''
NFI_MPI_SERVER_OBJECTS=''
NFI_NFS3=''
NFI_NFS3_OBJECTS=''
NFI_NFS=''
NFI_NFS_OBJECTS=''
NFI_SCK_SERVER=''
NFI_SCK_SERVER_OBJECTS=''
OBJEXT=''
OS=''
PACKAGE=''
PACKAGE_BUGREPORT='fgcarbal@inf.uc3m.es'
PACKAGE_NAME='Expand'
PACKAGE_STRING='Expand 3.3.0'
PACKAGE_TARNAME='expand'
PACKAGE_URL=''
PACKAGE_VERSION='3.3.0'
PATH_SEPARATOR=':'
RANLIB='ranlib'
SET_MAKE=''
SHELL='/bin/bash'
STRIP=''
VERSION=''
ac_ct_AR=''
ac_ct_CC=''
am__EXEEXT_FALSE=''
am__EXEEXT_TRUE=''
am__fastdepCC_FALSE=''
am__fastdepCC_TRUE=''
am__include=''
am__isrc=' -I$(srcdir)'
am__leading_dot='.'
am__nodep=''
am__quote=''
am__tar=''
am__untar=''
bindir='${exec_prefix}/bin'
build='x86_64-pc-linux-gnu'
build_alias=''
build_cpu='x86_64'
build_os='linux-gnu'
build_vendor='pc'
datadir='${datarootdir}'
datarootdir='${prefix}/share'
docdir='${datarootdir}/doc/${PACKAGE_TARNAME}'
dvidir='${docdir}'
exec_prefix='NONE'
host='x86_64-pc-linux-gnu'
host_alias=''
host_cpu='x86_64'
host_os='linux-gnu'
host_vendor='pc'
htmldir='${docdir}'
includedir='${prefix}/include'
infodir='${datarootdir}/info'
install_sh='${SHELL} /home/elias/VSProjects/xpn/config/install-sh'
libdir='${exec_prefix}/lib'
libexecdir='${exec_prefix}/libexec'
localedir='${datarootdir}/locale'
localstatedir='${prefix}/var'
mandir='${datarootdir}/man'
mkdir_p=''
oldincludedir='/usr/include'
pdfdir='${docdir}'
prefix='NONE'
program_transform_name='s,x,x,'
psdir='${docdir}'
runstatedir='${localstatedir}/run'
sbindir='${exec_prefix}/sbin'
sharedstatedir='${prefix}/com'
sysconfdir='${prefix}/etc'
target='x86_64-pc-linux-gnu'
target_alias=''
target_cpu='x86_64'
target_os='linux-gnu'
target_vendor='pc'

## ----------- ##
## confdefs.h. ##
## ----------- ##

/* confdefs.h */
#define PACKAGE_NAME "Expand"
#define PACKAGE_TARNAME "expand"
#define PACKAGE_VERSION "3.3.0"
#define PACKAGE_STRING "Expand 3.3.0"
#define PACKAGE_BUGREPORT "fgcarbal@inf.uc3m.es"
#define PACKAGE_URL ""

configure: exit 1
